‚ùå Error no manejado:
'venta' is not among the defined enum values. Enum name: tipovale. Possible values: VENTA, DEVOLUCION
Traceback (most recent call last):
  File "C:\Users\india\AppData\Roaming\Python\Python312\site-packages\sqlalchemy\sql\sqltypes.py", line 1647, in _object_value_for_elem
    return self._object_lookup[elem]
           ~~~~~~~~~~~~~~~~~~~^^^^^^
KeyError: 'venta'

The above exception was the direct cause of the following exception:

Traceback (most recent call last):
  File "C:\Users\india\AppData\Roaming\Python\Python312\site-packages\starlette\middleware\errors.py", line 162, in __call__
    await self.app(scope, receive, _send)
  File "C:\Users\india\AppData\Roaming\Python\Python312\site-packages\starlette\middleware\cors.py", line 83, in __call__
    await self.app(scope, receive, send)
  File "C:\Users\india\AppData\Roaming\Python\Python312\site-packages\starlette\middleware\exceptions.py", line 79, in __call__
    raise exc
  File "C:\Users\india\AppData\Roaming\Python\Python312\site-packages\starlette\middleware\exceptions.py", line 68, in __call__
    await self.app(scope, receive, sender)
  File "C:\Users\india\AppData\Roaming\Python\Python312\site-packages\fastapi\middleware\asyncexitstack.py", line 20, in __call__
    raise e
  File "C:\Users\india\AppData\Roaming\Python\Python312\site-packages\fastapi\middleware\asyncexitstack.py", line 17, in __call__
    await self.app(scope, receive, send)
  File "C:\Users\india\AppData\Roaming\Python\Python312\site-packages\starlette\routing.py", line 718, in __call__
    await route.handle(scope, receive, send)
  File "C:\Users\india\AppData\Roaming\Python\Python312\site-packages\starlette\routing.py", line 276, in handle
    await self.app(scope, receive, send)
  File "C:\Users\india\AppData\Roaming\Python\Python312\site-packages\starlette\routing.py", line 66, in app
    response = await func(request)
               ^^^^^^^^^^^^^^^^^^^
  File "C:\Users\india\AppData\Roaming\Python\Python312\site-packages\fastapi\routing.py", line 274, in app
    raw_response = await run_endpoint_function(
                   ^^^^^^^^^^^^^^^^^^^^^^^^^^^^
  File "C:\Users\india\AppData\Roaming\Python\Python312\site-packages\fastapi\routing.py", line 191, in run_endpoint_function
    return await dependant.call(**values)
           ^^^^^^^^^^^^^^^^^^^^^^^^^^^^^^
  File "c:\Users\india\Documents\GitHub\Refaccionaria-Oviedo\REFACCIONARIA\app\api\v1\endpoints\vales_venta.py", line 88, in listar_vales_venta
    resultados = query.offset(skip).limit(limit).all()
                 ^^^^^^^^^^^^^^^^^^^^^^^^^^^^^^^^^^^^^
  File "C:\Users\india\AppData\Roaming\Python\Python312\site-packages\sqlalchemy\orm\query.py", line 2693, in all
    return self._iter().all()  # type: ignore
           ^^^^^^^^^^^^^^^^^^
  File "C:\Users\india\AppData\Roaming\Python\Python312\site-packages\sqlalchemy\engine\result.py", line 1390, in all
    return self._allrows()
           ^^^^^^^^^^^^^^^
  File "C:\Users\india\AppData\Roaming\Python\Python312\site-packages\sqlalchemy\engine\result.py", line 554, in _allrows
    rows = self._fetchall_impl()
           ^^^^^^^^^^^^^^^^^^^^^
  File "C:\Users\india\AppData\Roaming\Python\Python312\site-packages\sqlalchemy\engine\result.py", line 2293, in _fetchall_impl
    return list(self.iterator)
           ^^^^^^^^^^^^^^^^^^^
  File "C:\Users\india\AppData\Roaming\Python\Python312\site-packages\sqlalchemy\orm\loading.py", line 215, in chunks
    fetch = cursor._raw_all_rows()
            ^^^^^^^^^^^^^^^^^^^^^^
  File "C:\Users\india\AppData\Roaming\Python\Python312\site-packages\sqlalchemy\engine\result.py", line 547, in _raw_all_rows
    return [make_row(row) for row in rows]
            ^^^^^^^^^^^^^
  File "lib\\sqlalchemy\\cyextension\\resultproxy.pyx", line 16, in sqlalchemy.cyextension.resultproxy.BaseRow.__init__
  File "lib\\sqlalchemy\\cyextension\\resultproxy.pyx", line 73, in sqlalchemy.cyextension.resultproxy._apply_processors
  File "C:\Users\india\AppData\Roaming\Python\Python312\site-packages\sqlalchemy\sql\sqltypes.py", line 1767, in process
    value = self._object_value_for_elem(value)
            ^^^^^^^^^^^^^^^^^^^^^^^^^^^^^^^^^^
  File "C:\Users\india\AppData\Roaming\Python\Python312\site-packages\sqlalchemy\dialects\mysql\enumerated.py", line 87, in _object_value_for_elem
    return super()._object_value_for_elem(elem)
           ^^^^^^^^^^^^^^^^^^^^^^^^^^^^^^^^^^^^
  File "C:\Users\india\AppData\Roaming\Python\Python312\site-packages\sqlalchemy\sql\sqltypes.py", line 1649, in _object_value_for_elem
    raise LookupError(
LookupError: 'venta' is not among the defined enum values. Enum name: tipovale. Possible values: VENTA, DEVOLUCION
